0 info it worked if it ends with ok
1 verbose cli [ '/Users/Daniel/.nvm/versions/node/v0.12.7/bin/node',
1 verbose cli   '/Users/Daniel/.nvm/versions/node/v0.12.7/bin/npm',
1 verbose cli   'publish' ]
2 info using npm@2.11.3
3 info using node@v0.12.7
4 verbose publish [ '.' ]
5 silly cache add args [ '.', null ]
6 verbose cache add spec .
7 silly cache add parsed spec { raw: '.',
7 silly cache add   scope: null,
7 silly cache add   name: null,
7 silly cache add   rawSpec: '.',
7 silly cache add   spec: '/Users/Daniel/Workspace/playon/generator-nfhs-nodejs-service',
7 silly cache add   type: 'directory' }
8 verbose addLocalDirectory /Users/Daniel/.npm/generator-nfhs-nodejs-service/0.1.0/package.tgz not in flight; packing
9 verbose tar pack [ '/Users/Daniel/.npm/generator-nfhs-nodejs-service/0.1.0/package.tgz',
9 verbose tar pack   '/Users/Daniel/Workspace/playon/generator-nfhs-nodejs-service' ]
10 verbose tarball /Users/Daniel/.npm/generator-nfhs-nodejs-service/0.1.0/package.tgz
11 verbose folder /Users/Daniel/Workspace/playon/generator-nfhs-nodejs-service
12 info prepublish generator-nfhs-nodejs-service@0.1.0
13 verbose addLocalTarball adding from inside cache /Users/Daniel/.npm/generator-nfhs-nodejs-service/0.1.0/package.tgz
14 silly cache afterAdd generator-nfhs-nodejs-service@0.1.0
15 verbose afterAdd /Users/Daniel/.npm/generator-nfhs-nodejs-service/0.1.0/package/package.json not in flight; writing
16 verbose afterAdd /Users/Daniel/.npm/generator-nfhs-nodejs-service/0.1.0/package/package.json written
17 silly publish { name: 'generator-nfhs-nodejs-service',
17 silly publish   version: '0.1.0',
17 silly publish   description: 'template for nfhs node service',
17 silly publish   files: [ 'app' ],
17 silly publish   keywords: [ 'yeoman-generator' ],
17 silly publish   dependencies: { 'yeoman-generator': '^0.20.3' },
17 silly publish   gitHead: 'c2b8f2323493ca29f60fccced2f2910483cf97ef',
17 silly publish   readme: 'ERROR: No README data found!',
17 silly publish   _id: 'generator-nfhs-nodejs-service@0.1.0',
17 silly publish   scripts: {},
17 silly publish   _shasum: 'ebd06cb094bb8d269838b019cd7702240b711e30',
17 silly publish   _from: '.' }
18 verbose getPublishConfig undefined
19 silly mapToRegistry name generator-nfhs-nodejs-service
20 silly mapToRegistry using default registry
21 silly mapToRegistry registry https://registry.npmjs.org/
22 silly mapToRegistry uri https://registry.npmjs.org/generator-nfhs-nodejs-service
23 verbose publish registryBase https://registry.npmjs.org/
24 silly publish uploading /Users/Daniel/.npm/generator-nfhs-nodejs-service/0.1.0/package.tgz
25 verbose request uri https://registry.npmjs.org/generator-nfhs-nodejs-service
26 verbose request sending authorization for write operation
27 info attempt registry request try #1 at 1:32:14 PM
28 verbose request using bearer token for auth
29 verbose request id a9dfc13383f34b95
30 http request PUT https://registry.npmjs.org/generator-nfhs-nodejs-service
31 http 403 https://registry.npmjs.org/generator-nfhs-nodejs-service
32 verbose headers { 'content-type': 'application/json',
32 verbose headers   'cache-control': 'max-age=60',
32 verbose headers   'content-length': '128',
32 verbose headers   'accept-ranges': 'bytes',
32 verbose headers   date: 'Sat, 26 Sep 2015 17:32:15 GMT',
32 verbose headers   via: '1.1 varnish',
32 verbose headers   connection: 'keep-alive',
32 verbose headers   'x-served-by': 'cache-jfk1033-JFK',
32 verbose headers   'x-cache': 'MISS',
32 verbose headers   'x-cache-hits': '0',
32 verbose headers   'x-timer': 'S1443288734.550111,VS0,VE763' }
33 verbose request invalidating /Users/Daniel/.npm/registry.npmjs.org/generator-nfhs-nodejs-service on PUT
34 error publish Failed PUT 403
35 verbose stack Error: "You cannot publish over the previously published version 0.1.0. Try bumping the version to 1.0.0" : generator-nfhs-nodejs-service
35 verbose stack     at CachingRegistryClient.<anonymous> (/Users/Daniel/.nvm/versions/node/v0.12.7/lib/node_modules/npm/node_modules/npm-registry-client/lib/request.js:247:14)
35 verbose stack     at Request._callback (/Users/Daniel/.nvm/versions/node/v0.12.7/lib/node_modules/npm/node_modules/npm-registry-client/lib/request.js:170:14)
35 verbose stack     at Request.self.callback (/Users/Daniel/.nvm/versions/node/v0.12.7/lib/node_modules/npm/node_modules/request/request.js:354:22)
35 verbose stack     at Request.emit (events.js:110:17)
35 verbose stack     at Request.<anonymous> (/Users/Daniel/.nvm/versions/node/v0.12.7/lib/node_modules/npm/node_modules/request/request.js:1207:14)
35 verbose stack     at Request.emit (events.js:129:20)
35 verbose stack     at IncomingMessage.<anonymous> (/Users/Daniel/.nvm/versions/node/v0.12.7/lib/node_modules/npm/node_modules/request/request.js:1153:12)
35 verbose stack     at IncomingMessage.emit (events.js:129:20)
35 verbose stack     at _stream_readable.js:908:16
35 verbose stack     at process._tickCallback (node.js:355:11)
36 verbose statusCode 403
37 verbose pkgid generator-nfhs-nodejs-service
38 verbose cwd /Users/Daniel/Workspace/playon/generator-nfhs-nodejs-service
39 error Darwin 14.5.0
40 error argv "/Users/Daniel/.nvm/versions/node/v0.12.7/bin/node" "/Users/Daniel/.nvm/versions/node/v0.12.7/bin/npm" "publish"
41 error node v0.12.7
42 error npm  v2.11.3
43 error code E403
44 error "You cannot publish over the previously published version 0.1.0. Try bumping the version to 1.0.0" : generator-nfhs-nodejs-service
45 error If you need help, you may report this error at:
45 error     <https://github.com/npm/npm/issues>
46 verbose exit [ 1, true ]
